<?xml version="1.0" encoding="UTF-8"?>
<!-- Generated by org.testng.reporters.JUnitXMLReporter -->
<testsuite hostname="IS04" ignored="1" name="Test" tests="16" failures="1" timestamp="05 Mar 2019 08:24:50 GMT" time="62.587" errors="0">
  <testcase name="userCanRegisterSuccessfully" time="5.067" classname="tests.DDT.UserRegistrationTestWithDDTAND_DataProvider"/>
  <testcase name="userCanRegisterSuccessfully" time="4.65" classname="tests.DDT.UserRegistrationTestWithDDTAND_DataProvider"/>
  <testcase name="userCanRegisterSuccessfully" time="3.77" classname="tests.DDT.UserRegistrationTestWithDDTAND_DataProvider"/>
  <testcase name="userCanRegisterSuccessfully" time="4.063" classname="tests.DDT.UserRegistrationTestWithDDTAND_DataProvider"/>
  <testcase name="userCanRegisterSuccessfully" time="3.511" classname="tests.DDT.UserRegistrationTestWithDDTAND_DataProvider"/>
  <testcase name="userCanRegisterSuccessfully" time="3.51" classname="tests.DDT.UserRegistrationTestWithDDTAND_DataProvider"/>
  <testcase name="userCanRegisterSuccessfully" time="3.654" classname="tests.DDT.UserRegistrationTestWithDDTAND_DataProvider"/>
  <testcase name="userCanRegisterSuccessfully" time="3.57" classname="tests.DDT.UserRegistrationTestWithDDTAND_DataProvider"/>
  <testcase name="userCanRegisterSuccessfully" time="3.773" classname="tests.DDT.UserRegistrationTestWithDDTAND_DataProvider"/>
  <testcase name="userCanRegisterSuccessfully" time="3.51" classname="tests.DDT.UserRegistrationTestWithDDTAND_DataProvider"/>
  <testcase name="userCanRegisterSuccessfully" time="3.783" classname="tests.DDT.UserRegistrationTestWithDDTAND_DataProvider"/>
  <testcase name="userCanRegisterSuccessfully" time="3.709" classname="tests.DDT.UserRegistrationTestWithDDTAND_DataProvider"/>
  <testcase name="userCanRegisterSuccessfully" time="3.555" classname="tests.DDT.UserRegistrationTestWithDDTAND_DataProvider"/>
  <testcase name="userCanRegisterSuccessfully" time="3.556" classname="tests.DDT.UserRegistrationTestWithDDTAND_DataProvider"/>
  <testcase name="userCanRegisterSuccessfully" time="3.535" classname="tests.DDT.UserRegistrationTestWithDDTAND_DataProvider"/>
  <testcase name="userCanRegisterSuccessfully" time="4.905" classname="tests.DDT.UserRegistrationTestWithDDTAND_DataProvider">
    <failure type="org.openqa.selenium.NoSuchElementException" message="no such element: Unable to locate element: {&amp;quot;method&amp;quot;:&amp;quot;xpath&amp;quot;,&amp;quot;selector&amp;quot;:&amp;quot;/html/body/div[6]/div[3]/div/div/form/div/div[2]/div[1]&amp;quot;}
  (Session info: chrome=72.0.3626.119)
  (Driver info: chromedriver=72.0.3626.7 (efcef9a3ecda02b2132af215116a03852d08b9cb),platform=Windows NT 10.0.14393 x86_64) (WARNING: The server did not provide any stacktrace information)
Command duration or timeout: 0 milliseconds
For documentation on this error, please visit: https://www.seleniumhq.org/exceptions/no_such_element.html
Build info: version: &amp;apos;3.141.59&amp;apos;, revision: &amp;apos;e82be7d358&amp;apos;, time: &amp;apos;2018-11-14T08:17:03&amp;apos;
System info: host: &amp;apos;IS04&amp;apos;, ip: &amp;apos;192.168.56.1&amp;apos;, os.name: &amp;apos;Windows 10&amp;apos;, os.arch: &amp;apos;amd64&amp;apos;, os.version: &amp;apos;10.0&amp;apos;, java.version: &amp;apos;1.8.0_172&amp;apos;
Driver info: org.openqa.selenium.chrome.ChromeDriver
Capabilities {acceptInsecureCerts: false, acceptSslCerts: false, applicationCacheEnabled: false, browserConnectionEnabled: false, browserName: chrome, chrome: {chromedriverVersion: 72.0.3626.7 (efcef9a3ecda02..., userDataDir: C:\Users\AFF6E~1.MOH\AppDat...}, cssSelectorsEnabled: true, databaseEnabled: false, goog:chromeOptions: {debuggerAddress: localhost:30003}, handlesAlerts: true, hasTouchScreen: false, javascriptEnabled: true, locationContextEnabled: true, mobileEmulationEnabled: false, nativeEvents: true, networkConnectionEnabled: false, pageLoadStrategy: normal, platform: XP, platformName: XP, proxy: Proxy(), rotatable: false, setWindowRect: true, takesHeapSnapshot: true, takesScreenshot: true, timeouts: {implicit: 0, pageLoad: 300000, script: 30000}, unexpectedAlertBehaviour: ignore, unhandledPromptBehavior: ignore, version: 72.0.3626.119, webStorageEnabled: true}
Session ID: e6f2b14d198039cd167b985ac36fa25e
*** Element info: {Using=xpath, value=/html/body/div[6]/div[3]/div/div/form/div/div[2]/div[1]}">
      <![CDATA[org.openqa.selenium.NoSuchElementException: no such element: Unable to locate element: {"method":"xpath","selector":"/html/body/div[6]/div[3]/div/div/form/div/div[2]/div[1]"}
  (Session info: chrome=72.0.3626.119)
  (Driver info: chromedriver=72.0.3626.7 (efcef9a3ecda02b2132af215116a03852d08b9cb),platform=Windows NT 10.0.14393 x86_64) (WARNING: The server did not provide any stacktrace information)
Command duration or timeout: 0 milliseconds
For documentation on this error, please visit: https://www.seleniumhq.org/exceptions/no_such_element.html
Build info: version: '3.141.59', revision: 'e82be7d358', time: '2018-11-14T08:17:03'
System info: host: 'IS04', ip: '192.168.56.1', os.name: 'Windows 10', os.arch: 'amd64', os.version: '10.0', java.version: '1.8.0_172'
Driver info: org.openqa.selenium.chrome.ChromeDriver
Capabilities {acceptInsecureCerts: false, acceptSslCerts: false, applicationCacheEnabled: false, browserConnectionEnabled: false, browserName: chrome, chrome: {chromedriverVersion: 72.0.3626.7 (efcef9a3ecda02..., userDataDir: C:\Users\AFF6E~1.MOH\AppDat...}, cssSelectorsEnabled: true, databaseEnabled: false, goog:chromeOptions: {debuggerAddress: localhost:30003}, handlesAlerts: true, hasTouchScreen: false, javascriptEnabled: true, locationContextEnabled: true, mobileEmulationEnabled: false, nativeEvents: true, networkConnectionEnabled: false, pageLoadStrategy: normal, platform: XP, platformName: XP, proxy: Proxy(), rotatable: false, setWindowRect: true, takesHeapSnapshot: true, takesScreenshot: true, timeouts: {implicit: 0, pageLoad: 300000, script: 30000}, unexpectedAlertBehaviour: ignore, unhandledPromptBehavior: ignore, version: 72.0.3626.119, webStorageEnabled: true}
Session ID: e6f2b14d198039cd167b985ac36fa25e
*** Element info: {Using=xpath, value=/html/body/div[6]/div[3]/div/div/form/div/div[2]/div[1]}
at org.openqa.selenium.remote.ErrorHandler.createThrowable(ErrorHandler.java:214)
at org.openqa.selenium.remote.ErrorHandler.throwIfResponseFailed(ErrorHandler.java:166)
at org.openqa.selenium.remote.http.JsonHttpResponseCodec.reconstructValue(JsonHttpResponseCodec.java:40)
at org.openqa.selenium.remote.http.AbstractHttpResponseCodec.decode(AbstractHttpResponseCodec.java:80)
at org.openqa.selenium.remote.http.AbstractHttpResponseCodec.decode(AbstractHttpResponseCodec.java:44)
at org.openqa.selenium.remote.HttpCommandExecutor.execute(HttpCommandExecutor.java:158)
at org.openqa.selenium.remote.service.DriverCommandExecutor.execute(DriverCommandExecutor.java:83)
at org.openqa.selenium.remote.RemoteWebDriver.execute(RemoteWebDriver.java:552)
at org.openqa.selenium.remote.RemoteWebDriver.findElement(RemoteWebDriver.java:323)
at org.openqa.selenium.remote.RemoteWebDriver.findElementByXPath(RemoteWebDriver.java:428)
at org.openqa.selenium.By$ByXPath.findElement(By.java:353)
at org.openqa.selenium.remote.RemoteWebDriver.findElement(RemoteWebDriver.java:315)
at org.openqa.selenium.support.pagefactory.DefaultElementLocator.findElement(DefaultElementLocator.java:69)
at org.openqa.selenium.support.pagefactory.internal.LocatingElementHandler.invoke(LocatingElementHandler.java:38)
at com.sun.proxy.$Proxy13.getText(Unknown Source)
at tests.DDT.UserRegistrationTestWithDDTAND_DataProvider.userCanRegisterSuccessfully(UserRegistrationTestWithDDTAND_DataProvider.java:60)
... Removed 29 stack frames]]>
    </failure>
  </testcase> <!-- userCanRegisterSuccessfully -->
  <testcase name="registerdUserCanLogin" time="0.0" classname="tests.DDT.UserRegistrationTestWithDDTAND_DataProvider">
    <ignored/>
  </testcase> <!-- registerdUserCanLogin -->
</testsuite> <!-- Test -->
