<?xml version="1.0" encoding="UTF-8"?>
<!-- Generated by org.testng.reporters.JUnitReportReporter -->
<testsuite skipped="16" hostname="IS04" name="tests.DDT.UserRegistrationTestWithDDTAND_DataProvider" tests="17" failures="0" timestamp="05 Mar 2019 09:46:25 GMT" time="17.183" errors="1">
  <testcase name="startDriver" time="17.181" classname="tests.DDT.UserRegistrationTestWithDDTAND_DataProvider">
    <error type="org.openqa.selenium.WebDriverException" message="chrome not reachable
  (Session info: chrome=72.0.3626.119)
  (Driver info: chromedriver=72.0.3626.7 (efcef9a3ecda02b2132af215116a03852d08b9cb),platform=Windows NT 10.0.14393 x86_64) (WARNING: The server did not provide any stacktrace information)
Command duration or timeout: 0 milliseconds
Build info: version: &#039;3.141.59&#039;, revision: &#039;e82be7d358&#039;, time: &#039;2018-11-14T08:17:03&#039;
System info: host: &#039;IS04&#039;, ip: &#039;192.168.56.1&#039;, os.name: &#039;Windows 10&#039;, os.arch: &#039;amd64&#039;, os.version: &#039;10.0&#039;, java.version: &#039;1.8.0_172&#039;
Driver info: org.openqa.selenium.chrome.ChromeDriver
Capabilities {acceptInsecureCerts: false, acceptSslCerts: false, applicationCacheEnabled: false, browserConnectionEnabled: false, browserName: chrome, chrome: {chromedriverVersion: 72.0.3626.7 (efcef9a3ecda02..., userDataDir: C:\Users\AFF6E~1.MOH\AppDat...}, cssSelectorsEnabled: true, databaseEnabled: false, goog:chromeOptions: {debuggerAddress: localhost:42660}, handlesAlerts: true, hasTouchScreen: false, javascriptEnabled: true, locationContextEnabled: true, mobileEmulationEnabled: false, nativeEvents: true, networkConnectionEnabled: false, pageLoadStrategy: normal, platform: XP, platformName: XP, proxy: Proxy(), rotatable: false, setWindowRect: true, takesHeapSnapshot: true, takesScreenshot: true, timeouts: {implicit: 0, pageLoad: 300000, script: 30000}, unexpectedAlertBehaviour: ignore, unhandledPromptBehavior: ignore, version: 72.0.3626.119, webStorageEnabled: true}
Session ID: 0c7992953c91c61d269511a4133c59c0">
      <![CDATA[org.openqa.selenium.WebDriverException: chrome not reachable
  (Session info: chrome=72.0.3626.119)
  (Driver info: chromedriver=72.0.3626.7 (efcef9a3ecda02b2132af215116a03852d08b9cb),platform=Windows NT 10.0.14393 x86_64) (WARNING: The server did not provide any stacktrace information)
Command duration or timeout: 0 milliseconds
Build info: version: '3.141.59', revision: 'e82be7d358', time: '2018-11-14T08:17:03'
System info: host: 'IS04', ip: '192.168.56.1', os.name: 'Windows 10', os.arch: 'amd64', os.version: '10.0', java.version: '1.8.0_172'
Driver info: org.openqa.selenium.chrome.ChromeDriver
Capabilities {acceptInsecureCerts: false, acceptSslCerts: false, applicationCacheEnabled: false, browserConnectionEnabled: false, browserName: chrome, chrome: {chromedriverVersion: 72.0.3626.7 (efcef9a3ecda02..., userDataDir: C:\Users\AFF6E~1.MOH\AppDat...}, cssSelectorsEnabled: true, databaseEnabled: false, goog:chromeOptions: {debuggerAddress: localhost:42660}, handlesAlerts: true, hasTouchScreen: false, javascriptEnabled: true, locationContextEnabled: true, mobileEmulationEnabled: false, nativeEvents: true, networkConnectionEnabled: false, pageLoadStrategy: normal, platform: XP, platformName: XP, proxy: Proxy(), rotatable: false, setWindowRect: true, takesHeapSnapshot: true, takesScreenshot: true, timeouts: {implicit: 0, pageLoad: 300000, script: 30000}, unexpectedAlertBehaviour: ignore, unhandledPromptBehavior: ignore, version: 72.0.3626.119, webStorageEnabled: true}
Session ID: 0c7992953c91c61d269511a4133c59c0
at sun.reflect.NativeConstructorAccessorImpl.newInstance0(Native Method)
at sun.reflect.NativeConstructorAccessorImpl.newInstance(Unknown Source)
at sun.reflect.DelegatingConstructorAccessorImpl.newInstance(Unknown Source)
at java.lang.reflect.Constructor.newInstance(Unknown Source)
at org.openqa.selenium.remote.ErrorHandler.createThrowable(ErrorHandler.java:214)
at org.openqa.selenium.remote.ErrorHandler.throwIfResponseFailed(ErrorHandler.java:166)
at org.openqa.selenium.remote.http.JsonHttpResponseCodec.reconstructValue(JsonHttpResponseCodec.java:40)
at org.openqa.selenium.remote.http.AbstractHttpResponseCodec.decode(AbstractHttpResponseCodec.java:80)
at org.openqa.selenium.remote.http.AbstractHttpResponseCodec.decode(AbstractHttpResponseCodec.java:44)
at org.openqa.selenium.remote.HttpCommandExecutor.execute(HttpCommandExecutor.java:158)
at org.openqa.selenium.remote.service.DriverCommandExecutor.execute(DriverCommandExecutor.java:83)
at org.openqa.selenium.remote.RemoteWebDriver.execute(RemoteWebDriver.java:552)
at org.openqa.selenium.remote.RemoteWebDriver.get(RemoteWebDriver.java:277)
at org.openqa.selenium.remote.RemoteWebDriver$RemoteNavigation.to(RemoteWebDriver.java:857)
at tests.TestBase.startDriver(TestBase.java:53)
at sun.reflect.NativeMethodAccessorImpl.invoke0(Native Method)
at sun.reflect.NativeMethodAccessorImpl.invoke(Unknown Source)
at sun.reflect.DelegatingMethodAccessorImpl.invoke(Unknown Source)
at java.lang.reflect.Method.invoke(Unknown Source)
at org.testng.internal.MethodInvocationHelper.invokeMethod(MethodInvocationHelper.java:124)
at org.testng.internal.MethodInvocationHelper.invokeMethodConsideringTimeout(MethodInvocationHelper.java:59)
at org.testng.internal.Invoker.invokeConfigurationMethod(Invoker.java:458)
at org.testng.internal.Invoker.invokeConfigurations(Invoker.java:222)
at org.testng.internal.Invoker.invokeConfigurations(Invoker.java:142)
at org.testng.SuiteRunner.privateRun(SuiteRunner.java:401)
at org.testng.SuiteRunner.run(SuiteRunner.java:364)
at org.testng.SuiteRunnerWorker.runSuite(SuiteRunnerWorker.java:52)
at org.testng.SuiteRunnerWorker.run(SuiteRunnerWorker.java:84)
at org.testng.TestNG.runSuitesSequentially(TestNG.java:1208)
at org.testng.TestNG.runSuitesLocally(TestNG.java:1137)
at org.testng.TestNG.runSuites(TestNG.java:1049)
at org.testng.TestNG.run(TestNG.java:1017)
at org.testng.remote.AbstractRemoteTestNG.run(AbstractRemoteTestNG.java:115)
at org.testng.remote.RemoteTestNG.initAndRun(RemoteTestNG.java:251)
at org.testng.remote.RemoteTestNG.main(RemoteTestNG.java:77)
]]>
    </error>
  </testcase> <!-- startDriver -->
  <testcase name="userCanRegisterSuccessfully" time="0.000" classname="tests.DDT.UserRegistrationTestWithDDTAND_DataProvider">
    <skipped/>
  </testcase> <!-- userCanRegisterSuccessfully -->
  <testcase name="userCanRegisterSuccessfully" time="0.000" classname="tests.DDT.UserRegistrationTestWithDDTAND_DataProvider">
    <skipped/>
  </testcase> <!-- userCanRegisterSuccessfully -->
  <testcase name="userCanRegisterSuccessfully" time="0.001" classname="tests.DDT.UserRegistrationTestWithDDTAND_DataProvider">
    <skipped/>
  </testcase> <!-- userCanRegisterSuccessfully -->
  <testcase name="userCanRegisterSuccessfully" time="0.000" classname="tests.DDT.UserRegistrationTestWithDDTAND_DataProvider">
    <skipped/>
  </testcase> <!-- userCanRegisterSuccessfully -->
  <testcase name="userCanRegisterSuccessfully" time="0.000" classname="tests.DDT.UserRegistrationTestWithDDTAND_DataProvider">
    <skipped/>
  </testcase> <!-- userCanRegisterSuccessfully -->
  <testcase name="userCanRegisterSuccessfully" time="0.000" classname="tests.DDT.UserRegistrationTestWithDDTAND_DataProvider">
    <skipped/>
  </testcase> <!-- userCanRegisterSuccessfully -->
  <testcase name="userCanRegisterSuccessfully" time="0.000" classname="tests.DDT.UserRegistrationTestWithDDTAND_DataProvider">
    <skipped/>
  </testcase> <!-- userCanRegisterSuccessfully -->
  <testcase name="userCanRegisterSuccessfully" time="0.001" classname="tests.DDT.UserRegistrationTestWithDDTAND_DataProvider">
    <skipped/>
  </testcase> <!-- userCanRegisterSuccessfully -->
  <testcase name="userCanRegisterSuccessfully" time="0.000" classname="tests.DDT.UserRegistrationTestWithDDTAND_DataProvider">
    <skipped/>
  </testcase> <!-- userCanRegisterSuccessfully -->
  <testcase name="userCanRegisterSuccessfully" time="0.000" classname="tests.DDT.UserRegistrationTestWithDDTAND_DataProvider">
    <skipped/>
  </testcase> <!-- userCanRegisterSuccessfully -->
  <testcase name="userCanRegisterSuccessfully" time="0.000" classname="tests.DDT.UserRegistrationTestWithDDTAND_DataProvider">
    <skipped/>
  </testcase> <!-- userCanRegisterSuccessfully -->
  <testcase name="userCanRegisterSuccessfully" time="0.000" classname="tests.DDT.UserRegistrationTestWithDDTAND_DataProvider">
    <skipped/>
  </testcase> <!-- userCanRegisterSuccessfully -->
  <testcase name="userCanRegisterSuccessfully" time="0.000" classname="tests.DDT.UserRegistrationTestWithDDTAND_DataProvider">
    <skipped/>
  </testcase> <!-- userCanRegisterSuccessfully -->
  <testcase name="userCanRegisterSuccessfully" time="0.000" classname="tests.DDT.UserRegistrationTestWithDDTAND_DataProvider">
    <skipped/>
  </testcase> <!-- userCanRegisterSuccessfully -->
  <testcase name="userCanRegisterSuccessfully" time="0.000" classname="tests.DDT.UserRegistrationTestWithDDTAND_DataProvider">
    <skipped/>
  </testcase> <!-- userCanRegisterSuccessfully -->
  <testcase name="registerdUserCanLogin" classname="tests.DDT.UserRegistrationTestWithDDTAND_DataProvider">
    <skipped/>
  </testcase> <!-- registerdUserCanLogin -->
</testsuite> <!-- tests.DDT.UserRegistrationTestWithDDTAND_DataProvider -->
